Arguments: 
  /usr/local/bin/node /usr/local/lib/python3.7/dist-packages/jupyterlab/staging/yarn.js add @jupyterlab/apputils @jupyterlab/launcher @jupyterlab/ui-components @mui/material @emotion/react @emotion/styled @mui/icons-material

PATH: 
  /usr/local/sbin:/usr/local/bin:/usr/sbin:/usr/bin:/sbin:/bin

Yarn version: 
  1.21.1

Node version: 
  14.16.0

Platform: 
  linux arm

Trace: 
  Error: connect ENETUNREACH 2606:4700::6810:1023:443 - Local (:::0)
      at internalConnect (net.js:921:16)
      at defaultTriggerAsyncIdScope (internal/async_hooks.js:430:12)
      at emitLookup (net.js:1064:9)
      at /usr/local/lib/python3.7/dist-packages/jupyterlab/staging/yarn.js:111505:29
      at /usr/local/lib/python3.7/dist-packages/jupyterlab/staging/yarn.js:111351:25
      at RawTask.module.exports.RawTask.call (/usr/local/lib/python3.7/dist-packages/jupyterlab/staging/yarn.js:94003:19)
      at flush (/usr/local/lib/python3.7/dist-packages/jupyterlab/staging/yarn.js:94085:29)
      at processTicksAndRejections (internal/process/task_queues.js:75:11)

npm manifest: 
  {
    "name": "@webds/software_update",
    "version": "0.1.0",
    "description": "webds_software_update",
    "keywords": [
      "jupyter",
      "jupyterlab",
      "jupyterlab-extension"
    ],
    "homepage": "https://github.com/github_username/@webds/software_update",
    "bugs": {
      "url": "https://github.com/github_username/@webds/software_update/issues"
    },
    "license": "BSD-3-Clause",
    "author": {
      "name": "Tom Chang",
      "email": "tomc@synaptics.com"
    },
    "files": [
      "lib/**/*.{d.ts,eot,gif,html,jpg,js,js.map,json,png,svg,woff2,ttf}",
      "style/**/*.{css,js,eot,gif,html,jpg,json,png,svg,woff2,ttf}"
    ],
    "main": "lib/index.js",
    "types": "lib/index.d.ts",
    "style": "style/index.css",
    "repository": {
      "type": "git",
      "url": "https://github.com/github_username/@webds/software_update.git"
    },
    "scripts": {
      "build": "jlpm run build:lib && jlpm run build:labextension:dev",
      "build:prod": "jlpm run clean && jlpm run build:lib && jlpm run build:labextension",
      "build:labextension": "jupyter labextension build .",
      "build:labextension:dev": "jupyter labextension build --development True .",
      "build:lib": "tsc",
      "clean": "jlpm run clean:lib",
      "clean:lib": "rimraf lib tsconfig.tsbuildinfo",
      "clean:labextension": "rimraf webds_software_update/labextension",
      "clean:all": "jlpm run clean:lib && jlpm run clean:labextension",
      "eslint": "eslint . --ext .ts,.tsx --fix",
      "eslint:check": "eslint . --ext .ts,.tsx",
      "install:extension": "jlpm run build",
      "watch": "run-p watch:src watch:labextension",
      "watch:src": "tsc -w",
      "watch:labextension": "jupyter labextension watch ."
    },
    "dependencies": {
      "@jupyterlab/application": "^3.1.0",
      "@jupyterlab/coreutils": "^5.1.0",
      "@jupyterlab/services": "^6.1.0"
    },
    "devDependencies": {
      "@jupyterlab/builder": "^3.1.0",
      "@typescript-eslint/eslint-plugin": "^4.8.1",
      "@typescript-eslint/parser": "^4.8.1",
      "eslint": "^7.14.0",
      "eslint-config-prettier": "^6.15.0",
      "eslint-plugin-prettier": "^3.1.4",
      "mkdirp": "^1.0.3",
      "npm-run-all": "^4.1.5",
      "prettier": "^2.1.1",
      "rimraf": "^3.0.2",
      "typescript": "~4.1.3"
    },
    "sideEffects": [
      "style/*.css",
      "style/index.js"
    ],
    "styleModule": "style/index.js",
    "publishConfig": {
      "access": "public"
    },
    "jupyterlab": {
      "discovery": {
        "server": {
          "managers": [
            "pip"
          ],
          "base": {
            "name": "webds_software_update"
          }
        }
      },
      "extension": true,
      "outputDir": "webds_software_update/labextension"
    },
    "jupyter-releaser": {
      "hooks": {
        "before-build-npm": [
          "python -m pip install jupyterlab~=3.1",
          "jlpm"
        ]
      }
    }
  }

yarn manifest: 
  No manifest

Lockfile: 
  No lockfile
